#
# There is insufficient memory for the Java Runtime Environment to continue.
# Native memory allocation (malloc) failed to allocate 131088 bytes for Chunk::new
# Possible reasons:
#   The system is out of physical RAM or swap space
#   In 32 bit mode, the process size limit was hit
# Possible solutions:
#   Reduce memory load on the system
#   Increase physical memory or swap space
#   Check if swap backing store is full
#   Use 64 bit Java on a 64 bit OS
#   Decrease Java heap size (-Xmx/-Xms)
#   Decrease number of Java threads
#   Decrease Java thread stack sizes (-Xss)
#   Set larger code cache with -XX:ReservedCodeCacheSize=
# This output file may be truncated or incomplete.
#
#  Out of Memory Error (allocation.cpp:390), pid=4720, tid=2004
#
# JRE version: Java(TM) SE Runtime Environment (8.0_66-b17) (build 1.8.0_66-b17)
# Java VM: Java HotSpot(TM) 64-Bit Server VM (25.66-b17 mixed mode windows-amd64 compressed oops)
# Failed to write core dump. Minidumps are not enabled by default on client versions of Windows
#

---------------  T H R E A D  ---------------

Current thread (0x00000000171cf800):  JavaThread "C2 CompilerThread0" daemon [_thread_in_native, id=2004, stack(0x0000000018830000,0x0000000018930000)]

Stack: [0x0000000018830000,0x0000000018930000]
[error occurred during error reporting (printing stack bounds), id 0xc0000005]

Native frames: (J=compiled Java code, j=interpreted, Vv=VM code, C=native code)


Current CompileTask:
C2:  26868 4992   !   4       com.sun.beans.TypeResolver::resolve (274 bytes)


---------------  P R O C E S S  ---------------

Java Threads: ( => current thread )
  0x00000000202e7000 JavaThread "jar transforms Thread 92" [_thread_blocked, id=7356, stack(0x0000000029040000,0x0000000029140000)]
  0x00000000202e5800 JavaThread "jar transforms Thread 91" [_thread_blocked, id=7352, stack(0x0000000028f40000,0x0000000029040000)]
  0x00000000202e1800 JavaThread "jar transforms Thread 90" [_thread_blocked, id=7348, stack(0x0000000028e40000,0x0000000028f40000)]
  0x00000000202e6000 JavaThread "jar transforms Thread 89" [_thread_blocked, id=7344, stack(0x0000000028d40000,0x0000000028e40000)]
  0x00000000202e4800 JavaThread "jar transforms Thread 88" [_thread_blocked, id=7340, stack(0x0000000028c40000,0x0000000028d40000)]
  0x00000000205b7800 JavaThread "jar transforms Thread 87" [_thread_blocked, id=7336, stack(0x0000000028b40000,0x0000000028c40000)]
  0x00000000205b6800 JavaThread "jar transforms Thread 86" [_thread_blocked, id=7332, stack(0x0000000028a40000,0x0000000028b40000)]
  0x00000000205b5800 JavaThread "jar transforms Thread 85" [_thread_blocked, id=7328, stack(0x0000000028940000,0x0000000028a40000)]
  0x00000000205b5000 JavaThread "jar transforms Thread 84" [_thread_blocked, id=7324, stack(0x0000000028840000,0x0000000028940000)]
  0x00000000205b8000 JavaThread "jar transforms Thread 83" [_thread_blocked, id=7320, stack(0x0000000028740000,0x0000000028840000)]
  0x00000000205b4000 JavaThread "jar transforms Thread 82" [_thread_blocked, id=7316, stack(0x0000000028640000,0x0000000028740000)]
  0x00000000205ba800 JavaThread "jar transforms Thread 81" [_thread_blocked, id=7312, stack(0x0000000028540000,0x0000000028640000)]
  0x00000000205b9000 JavaThread "jar transforms Thread 80" [_thread_blocked, id=7308, stack(0x0000000028440000,0x0000000028540000)]
  0x00000000205b9800 JavaThread "jar transforms Thread 79" [_thread_blocked, id=7304, stack(0x0000000028340000,0x0000000028440000)]
  0x00000000205ad800 JavaThread "jar transforms Thread 78" [_thread_blocked, id=7300, stack(0x0000000028240000,0x0000000028340000)]
  0x00000000205b3800 JavaThread "jar transforms Thread 77" [_thread_blocked, id=7296, stack(0x0000000028140000,0x0000000028240000)]
  0x00000000205af000 JavaThread "jar transforms Thread 76" [_thread_blocked, id=7292, stack(0x0000000028040000,0x0000000028140000)]
  0x00000000205ac000 JavaThread "jar transforms Thread 75" [_thread_blocked, id=7288, stack(0x0000000027f40000,0x0000000028040000)]
  0x00000000205b2800 JavaThread "jar transforms Thread 74" [_thread_blocked, id=7284, stack(0x0000000027e40000,0x0000000027f40000)]
  0x00000000205ae000 JavaThread "jar transforms Thread 73" [_thread_blocked, id=7280, stack(0x0000000027d40000,0x0000000027e40000)]
  0x00000000205b0800 JavaThread "jar transforms Thread 72" [_thread_blocked, id=7276, stack(0x0000000027c40000,0x0000000027d40000)]
  0x00000000205ab000 JavaThread "jar transforms Thread 71" [_thread_blocked, id=7272, stack(0x0000000027b40000,0x0000000027c40000)]
  0x00000000205ac800 JavaThread "jar transforms Thread 70" [_thread_blocked, id=7268, stack(0x0000000027a40000,0x0000000027b40000)]
  0x00000000205af800 JavaThread "jar transforms Thread 69" [_thread_blocked, id=7264, stack(0x0000000027940000,0x0000000027a40000)]
  0x00000000205b2000 JavaThread "jar transforms Thread 68" [_thread_blocked, id=7260, stack(0x0000000027840000,0x0000000027940000)]
  0x00000000205b1000 JavaThread "jar transforms Thread 67" [_thread_blocked, id=7256, stack(0x0000000027740000,0x0000000027840000)]
  0x000000001aec1800 JavaThread "jar transforms Thread 66" [_thread_blocked, id=7252, stack(0x0000000027640000,0x0000000027740000)]
  0x000000001aec1000 JavaThread "jar transforms Thread 65" [_thread_blocked, id=7248, stack(0x0000000027540000,0x0000000027640000)]
  0x000000001aec0000 JavaThread "jar transforms Thread 64" [_thread_blocked, id=7244, stack(0x0000000027440000,0x0000000027540000)]
  0x000000001aebf800 JavaThread "jar transforms Thread 63" [_thread_blocked, id=7240, stack(0x0000000027340000,0x0000000027440000)]
  0x000000001aebe800 JavaThread "jar transforms Thread 62" [_thread_blocked, id=7236, stack(0x0000000027240000,0x0000000027340000)]
  0x000000001aec3000 JavaThread "jar transforms Thread 61" [_thread_blocked, id=7232, stack(0x0000000027140000,0x0000000027240000)]
  0x000000001aec4800 JavaThread "jar transforms Thread 60" [_thread_blocked, id=7228, stack(0x0000000027040000,0x0000000027140000)]
  0x000000001aebe000 JavaThread "jar transforms Thread 59" [_thread_blocked, id=7224, stack(0x0000000026f40000,0x0000000027040000)]
  0x000000001aec4000 JavaThread "jar transforms Thread 58" [_thread_blocked, id=7220, stack(0x0000000026e40000,0x0000000026f40000)]
  0x000000001aec2800 JavaThread "jar transforms Thread 57" [_thread_blocked, id=7216, stack(0x0000000026d40000,0x0000000026e40000)]
  0x000000001aeb9800 JavaThread "jar transforms Thread 56" [_thread_blocked, id=7212, stack(0x0000000026c40000,0x0000000026d40000)]
  0x000000001aeb8800 JavaThread "jar transforms Thread 55" [_thread_blocked, id=7208, stack(0x0000000026b40000,0x0000000026c40000)]
  0x000000001aeb6800 JavaThread "jar transforms Thread 54" [_thread_blocked, id=7204, stack(0x0000000026a40000,0x0000000026b40000)]
  0x000000001aebd000 JavaThread "jar transforms Thread 53" [_thread_blocked, id=7200, stack(0x0000000026940000,0x0000000026a40000)]
  0x000000001aeb5800 JavaThread "jar transforms Thread 52" [_thread_blocked, id=7196, stack(0x0000000026840000,0x0000000026940000)]
  0x000000001aeb7000 JavaThread "jar transforms Thread 51" [_thread_blocked, id=7192, stack(0x0000000026740000,0x0000000026840000)]
  0x000000001aebb800 JavaThread "jar transforms Thread 50" [_thread_blocked, id=7188, stack(0x0000000026640000,0x0000000026740000)]
  0x000000001aeb8000 JavaThread "jar transforms Thread 49" [_thread_blocked, id=7184, stack(0x0000000026540000,0x0000000026640000)]
  0x000000001aebb000 JavaThread "jar transforms Thread 48" [_thread_blocked, id=7180, stack(0x0000000026440000,0x0000000026540000)]
  0x000000001aeba000 JavaThread "jar transforms Thread 47" [_thread_blocked, id=7176, stack(0x0000000026340000,0x0000000026440000)]
  0x000000001aebc800 JavaThread "jar transforms Thread 46" [_thread_blocked, id=7172, stack(0x0000000026240000,0x0000000026340000)]
  0x000000001a052000 JavaThread "jar transforms Thread 45" [_thread_blocked, id=1096, stack(0x0000000026140000,0x0000000026240000)]
  0x000000001a051800 JavaThread "jar transforms Thread 44" [_thread_blocked, id=5060, stack(0x0000000026040000,0x0000000026140000)]
  0x000000001a050800 JavaThread "jar transforms Thread 43" [_thread_blocked, id=808, stack(0x0000000025f40000,0x0000000026040000)]
  0x000000001a050000 JavaThread "jar transforms Thread 42" [_thread_blocked, id=3564, stack(0x0000000025e40000,0x0000000025f40000)]
  0x000000001a053800 JavaThread "jar transforms Thread 41" [_thread_blocked, id=3820, stack(0x0000000025d40000,0x0000000025e40000)]
  0x000000001a04f000 JavaThread "jar transforms Thread 40" [_thread_blocked, id=5172, stack(0x0000000025c40000,0x0000000025d40000)]
  0x000000001a053000 JavaThread "jar transforms Thread 39" [_thread_blocked, id=7084, stack(0x0000000025b40000,0x0000000025c40000)]
  0x000000001a055000 JavaThread "jar transforms Thread 38" [_thread_blocked, id=7052, stack(0x0000000025a40000,0x0000000025b40000)]
  0x000000001a054800 JavaThread "jar transforms Thread 37" [_thread_blocked, id=4000, stack(0x0000000025940000,0x0000000025a40000)]
  0x000000001a04e800 JavaThread "jar transforms Thread 36" [_thread_blocked, id=1792, stack(0x0000000025840000,0x0000000025940000)]
  0x0000000020a49000 JavaThread "jar transforms Thread 35" [_thread_blocked, id=776, stack(0x0000000025740000,0x0000000025840000)]
  0x0000000020a48800 JavaThread "jar transforms Thread 34" [_thread_blocked, id=6004, stack(0x0000000025640000,0x0000000025740000)]
  0x0000000020a47800 JavaThread "jar transforms Thread 33" [_thread_blocked, id=3388, stack(0x0000000025540000,0x0000000025640000)]
  0x0000000020a4c000 JavaThread "jar transforms Thread 32" [_thread_blocked, id=6868, stack(0x0000000025440000,0x0000000025540000)]
  0x0000000020a44800 JavaThread "jar transforms Thread 31" [_thread_blocked, id=6784, stack(0x0000000025340000,0x0000000025440000)]
  0x0000000020a4b800 JavaThread "jar transforms Thread 30" [_thread_blocked, id=3092, stack(0x0000000025240000,0x0000000025340000)]
  0x0000000020a4a800 JavaThread "jar transforms Thread 29" [_thread_blocked, id=2756, stack(0x0000000025140000,0x0000000025240000)]
  0x0000000020a4a000 JavaThread "jar transforms Thread 28" [_thread_blocked, id=232, stack(0x0000000025040000,0x0000000025140000)]
  0x0000000020a40000 JavaThread "jar transforms Thread 27" [_thread_blocked, id=1036, stack(0x0000000024f40000,0x0000000025040000)]
  0x0000000020a47000 JavaThread "jar transforms Thread 26" [_thread_blocked, id=5492, stack(0x0000000024e40000,0x0000000024f40000)]
  0x0000000020a3f800 JavaThread "jar transforms Thread 25" [_thread_blocked, id=3668, stack(0x0000000024d40000,0x0000000024e40000)]
  0x0000000020a45800 JavaThread "jar transforms Thread 24" [_thread_blocked, id=2100, stack(0x0000000024c40000,0x0000000024d40000)]
  0x0000000020a46000 JavaThread "jar transforms Thread 23" [_thread_blocked, id=4052, stack(0x0000000024b40000,0x0000000024c40000)]
  0x0000000020a3d000 JavaThread "jar transforms Thread 22" [_thread_blocked, id=3412, stack(0x0000000024a40000,0x0000000024b40000)]
  0x0000000020a3e800 JavaThread "jar transforms Thread 21" [_thread_blocked, id=5184, stack(0x0000000024940000,0x0000000024a40000)]
  0x0000000020a42800 JavaThread "Build operations Thread 4" [_thread_blocked, id=4860, stack(0x0000000024840000,0x0000000024940000)]
  0x0000000020a43000 JavaThread "Build operations Thread 3" [_thread_blocked, id=3636, stack(0x0000000024740000,0x0000000024840000)]
  0x0000000020a41000 JavaThread "Build operations Thread 2" [_thread_blocked, id=1104, stack(0x0000000024640000,0x0000000024740000)]
  0x0000000020a41800 JavaThread "Build operations" [_thread_blocked, id=5124, stack(0x00000000242c0000,0x00000000243c0000)]
  0x0000000020a3e000 JavaThread "File lock release action executor" [_thread_blocked, id=4536, stack(0x0000000023fa0000,0x00000000240a0000)]
  0x0000000020a44000 JavaThread "Cache worker for Build Output Cleanup Cache (C:\Users\Admiral Smollet\AndroidStudioProjects\Meteringandmonitorsystem\.gradle\buildOutputCleanup)" [_thread_blocked, id=2144, stack(0x0000000022ab0000,0x0000000022bb0000)]
  0x000000001b2a1800 JavaThread "Cache worker for file content cache (C:\Users\Admiral Smollet\.gradle\caches\6.5\fileContent)" [_thread_blocked, id=5972, stack(0x00000000229b0000,0x0000000022ab0000)]
  0x000000001b2a0000 JavaThread "Cache worker for execution history cache (C:\Users\Admiral Smollet\.gradle\caches\6.5\executionHistory)" [_thread_blocked, id=6904, stack(0x00000000224b0000,0x00000000225b0000)]
  0x000000001b29f800 JavaThread "Cache worker for cache directory md-rule (C:\Users\Admiral Smollet\.gradle\caches\6.5\md-rule)" [_thread_blocked, id=2112, stack(0x00000000221b0000,0x00000000222b0000)]
  0x000000001b298000 JavaThread "Cache worker for cache directory md-supplier (C:\Users\Admiral Smollet\.gradle\caches\6.5\md-supplier)" [_thread_blocked, id=6560, stack(0x00000000220b0000,0x00000000221b0000)]
  0x000000001b29e800 JavaThread "Cache worker for checksums cache (C:\Users\Admiral Smollet\AndroidStudioProjects\Meteringandmonitorsystem\.gradle\checksums)" [_thread_blocked, id=1032, stack(0x0000000021fb0000,0x00000000220b0000)]
  0x000000001b29e000 JavaThread "jar transforms Thread 20" [_thread_blocked, id=6000, stack(0x0000000021cb0000,0x0000000021db0000)]
  0x000000001b29b000 JavaThread "jar transforms Thread 19" [_thread_blocked, id=3532, stack(0x0000000021bb0000,0x0000000021cb0000)]
  0x000000001b29c800 JavaThread "jar transforms Thread 18" [_thread_blocked, id=1140, stack(0x0000000021ab0000,0x0000000021bb0000)]
  0x000000001b29d000 JavaThread "jar transforms Thread 17" [_thread_blocked, id=4500, stack(0x00000000219b0000,0x0000000021ab0000)]
  0x000000001b29a000 JavaThread "jar transforms Thread 16" [_thread_blocked, id=4300, stack(0x00000000218b0000,0x00000000219b0000)]
  0x000000001b29b800 JavaThread "jar transforms Thread 15" [_thread_blocked, id=2652, stack(0x00000000217b0000,0x00000000218b0000)]
  0x000000001b297000 JavaThread "jar transforms Thread 14" [_thread_blocked, id=1172, stack(0x0000000021430000,0x0000000021530000)]
  0x000000001b299800 JavaThread "jar transforms Thread 13" [_thread_blocked, id=6420, stack(0x0000000021330000,0x0000000021430000)]
  0x000000001b294000 JavaThread "jar transforms Thread 12" [_thread_blocked, id=4292, stack(0x0000000021230000,0x0000000021330000)]
  0x000000001b295000 JavaThread "jar transforms Thread 11" [_thread_blocked, id=5368, stack(0x0000000021130000,0x0000000021230000)]
  0x000000001b296800 JavaThread "jar transforms Thread 10" [_thread_blocked, id=5704, stack(0x000000001ff80000,0x0000000020080000)]
  0x000000001b293800 JavaThread "jar transforms Thread 9" [_thread_blocked, id=2728, stack(0x000000001fe80000,0x000000001ff80000)]
  0x000000001b298800 JavaThread "jar transforms Thread 8" [_thread_blocked, id=5708, stack(0x000000001fd80000,0x000000001fe80000)]
  0x000000001b295800 JavaThread "jar transforms Thread 7" [_thread_blocked, id=6720, stack(0x000000001fc80000,0x000000001fd80000)]
  0x000000001aa36000 JavaThread "jar transforms Thread 6" [_thread_blocked, id=2884, stack(0x000000001fb80000,0x000000001fc80000)]
  0x000000001aa39000 JavaThread "jar transforms Thread 5" [_thread_blocked, id=4652, stack(0x000000001fa80000,0x000000001fb80000)]
  0x000000001aa3b800 JavaThread "jar transforms Thread 4" [_thread_blocked, id=7088, stack(0x000000001f980000,0x000000001fa80000)]
  0x000000001aa3c000 JavaThread "jar transforms Thread 3" [_thread_blocked, id=3964, stack(0x000000001f880000,0x000000001f980000)]
  0x000000001aa3a800 JavaThread "jar transforms Thread 2" [_thread_blocked, id=2924, stack(0x000000001d590000,0x000000001d690000)]
  0x000000001aa35800 JavaThread "jar transforms" [_thread_blocked, id=5892, stack(0x000000001d490000,0x000000001d590000)]
  0x000000001aa37800 JavaThread "Cache worker for file hash cache (C:\Users\Admiral Smollet\AndroidStudioProjects\Meteringandmonitorsystem\.gradle\6.5\fileHashes)" [_thread_blocked, id=6080, stack(0x000000001d730000,0x000000001d830000)]
  0x000000001aa37000 JavaThread "Cache worker for file hash cache (C:\Users\Admiral Smollet\.gradle\caches\6.5\fileHashes)" [_thread_blocked, id=5072, stack(0x000000001d190000,0x000000001d290000)]
  0x000000001aa38800 JavaThread "File lock request listener" [_thread_in_native, id=3992, stack(0x000000001cf90000,0x000000001d090000)]
  0x000000001aa3a000 JavaThread "Cache worker for journal cache (C:\Users\Admiral Smollet\.gradle\caches\journal-1)" [_thread_blocked, id=6844, stack(0x000000001ce90000,0x000000001cf90000)]
  0x000000001a7dd000 JavaThread "Thread-9" [_thread_blocked, id=968, stack(0x000000001cb90000,0x000000001cc90000)]
  0x000000001a9ea000 JavaThread "Stdin handler" [_thread_blocked, id=5648, stack(0x000000001ca90000,0x000000001cb90000)]
  0x000000001a71e800 JavaThread "Asynchronous log dispatcher for DefaultDaemonConnection: socket connection from /192.168.1.103:5364 to /192.168.1.103:5365" [_thread_blocked, id=5912, stack(0x000000001c990000,0x000000001ca90000)]
  0x000000001a9f6800 JavaThread "Daemon worker" [_thread_in_Java, id=6220, stack(0x000000001c890000,0x000000001c990000)]
  0x000000001a9f6000 JavaThread "Cancel handler" [_thread_blocked, id=7144, stack(0x000000001c790000,0x000000001c890000)]
  0x000000001a8ed800 JavaThread "Handler for socket connection from /192.168.1.103:5364 to /192.168.1.103:5365" [_thread_in_native, id=4288, stack(0x000000001c490000,0x000000001c590000)]
  0x000000001a8df000 JavaThread "Daemon" [_thread_blocked, id=4332, stack(0x000000001c390000,0x000000001c490000)]
  0x000000001a8cd000 JavaThread "Daemon periodic checks" [_thread_blocked, id=356, stack(0x000000001c290000,0x000000001c390000)]
  0x000000001a8c8800 JavaThread "Incoming local TCP Connector on port 5364" [_thread_in_native, id=6012, stack(0x000000001c040000,0x000000001c140000)]
  0x000000001a6b3800 JavaThread "Daemon health stats" [_thread_blocked, id=3696, stack(0x000000001b8d0000,0x000000001b9d0000)]
  0x000000001722e800 JavaThread "Service Thread" daemon [_thread_blocked, id=5208, stack(0x0000000018f30000,0x0000000019030000)]
  0x00000000171d9000 JavaThread "C1 CompilerThread2" daemon [_thread_blocked, id=6340, stack(0x0000000018a30000,0x0000000018b30000)]
  0x00000000171d3800 JavaThread "C2 CompilerThread1" daemon [_thread_in_native, id=2424, stack(0x0000000018930000,0x0000000018a30000)]
=>0x00000000171cf800 JavaThread "C2 CompilerThread0" daemon [_thread_in_native, id=2004, stack(0x0000000018830000,0x0000000018930000)]
  0x00000000171ce800 JavaThread "Attach Listener" daemon [_thread_blocked, id=3800, stack(0x0000000018730000,0x0000000018830000)]
  0x00000000171cd800 JavaThread "Signal Dispatcher" daemon [_thread_blocked, id=1828, stack(0x0000000018630000,0x0000000018730000)]
  0x0000000002576000 JavaThread "Finalizer" daemon [_thread_blocked, id=6168, stack(0x0000000018430000,0x0000000018530000)]
  0x000000000256d800 JavaThread "Reference Handler" daemon [_thread_blocked, id=2488, stack(0x0000000018330000,0x0000000018430000)]
  0x000000000237e000 JavaThread "main" [_thread_blocked, id=6396, stack(0x0000000002380000,0x0000000002480000)]

Other Threads:
  0x0000000017197800 VMThread [stack: 0x0000000018230000,0x0000000018330000] [id=3908]
  0x0000000018b63000 WatcherThread [stack: 0x0000000019030000,0x0000000019130000] [id=6744]

VM state:not at safepoint (normal execution)

VM Mutex/Monitor currently owned by a thread: None

Heap:
 PSYoungGen      total 183808K, used 27610K [0x00000000d5580000, 0x00000000e2580000, 0x0000000100000000)
  eden space 171520K, 8% used [0x00000000d5580000,0x00000000d647c440,0x00000000dfd00000)
  from space 12288K, 99% used [0x00000000e0e80000,0x00000000e1a7a6c0,0x00000000e1a80000)
  to   space 17920K, 0% used [0x00000000dfd00000,0x00000000dfd00000,0x00000000e0e80000)
 ParOldGen       total 66048K, used 26042K [0x0000000080000000, 0x0000000084080000, 0x00000000d5580000)
  object space 66048K, 39% used [0x0000000080000000,0x000000008196e988,0x0000000084080000)
 Metaspace       used 52232K, capacity 54442K, committed 54824K, reserved 1095680K
  class space    used 7164K, capacity 7621K, committed 7720K, reserved 1048576K

Card table byte_map: [0x0000000011940000,0x0000000011d50000] byte_map_base: 0x0000000011540000

Marking Bits: (ParMarkBitMap*) 0x00000000759aa5b0
 Begin Bits: [0x0000000012400000, 0x0000000014400000)
 End Bits:   [0x0000000014400000, 0x0000000016400000)

Polling page: 0x0000000000770000

CodeCache: size=245760Kb used=15417Kb max_used=15468Kb free=230342Kb
 bounds [0x0000000002580000, 0x00000000034c0000, 0x0000000011580000]
 total_blobs=5243 nmethods=4484 adapters=671
 compilation: enabled

Compilation events (10 events):
Event: 26.750 Thread 0x00000000171d9000 5013       3       sun.reflect.generics.reflectiveObjects.TypeVariableImpl::equals (67 bytes)
Event: 26.755 Thread 0x00000000171d9000 nmethod 5013 0x0000000002682150 code [0x0000000002682340, 0x0000000002682d78]
Event: 26.769 Thread 0x00000000171d3800 nmethod 5003 0x00000000034b6e90 code [0x00000000034b7260, 0x00000000034ba7e0]
Event: 26.770 Thread 0x00000000171d9000 5014       3       java.util.LinkedList$ListItr::set (28 bytes)
Event: 26.770 Thread 0x00000000171d3800 5010       4       java.lang.Class$MethodArray::removeLessSpecifics (111 bytes)
Event: 26.771 Thread 0x00000000171d9000 nmethod 5014 0x0000000002732d10 code [0x0000000002732ea0, 0x00000000027332f8]
Event: 26.786 Thread 0x00000000171d3800 nmethod 5010 0x0000000002bd1bd0 code [0x0000000002bd1d60, 0x0000000002bd2208]
Event: 26.786 Thread 0x00000000171d3800 5006       4       com.sun.beans.TypeResolver::resolve (37 bytes)
Event: 26.799 Thread 0x00000000171d9000 5015       3       org.codehaus.groovy.reflection.CachedClass$8::initValue (5 bytes)
Event: 26.801 Thread 0x00000000171d9000 nmethod 5015 0x000000000269cfd0 code [0x000000000269d140, 0x000000000269d2e8]

GC Heap History (10 events):
Event: 8.667 GC heap before
{Heap before GC invocations=10 (full 1):
 PSYoungGen      total 105472K, used 96256K [0x00000000d5580000, 0x00000000dc580000, 0x0000000100000000)
  eden space 96256K, 100% used [0x00000000d5580000,0x00000000db380000,0x00000000db380000)
  from space 9216K, 0% used [0x00000000dbc80000,0x00000000dbc80000,0x00000000dc580000)
  to   space 9216K, 0% used [0x00000000db380000,0x00000000db380000,0x00000000dbc80000)
 ParOldGen       total 42496K, used 7202K [0x0000000080000000, 0x0000000082980000, 0x00000000d5580000)
  object space 42496K, 16% used [0x0000000080000000,0x0000000080708bd8,0x0000000082980000)
 Metaspace       used 31373K, capacity 32454K, committed 32640K, reserved 1077248K
  class space    used 4329K, capacity 4610K, committed 4736K, reserved 1048576K
Event: 8.685 GC heap after
Heap after GC invocations=10 (full 1):
 PSYoungGen      total 105472K, used 9203K [0x00000000d5580000, 0x00000000dee00000, 0x0000000100000000)
  eden space 96256K, 0% used [0x00000000d5580000,0x00000000d5580000,0x00000000db380000)
  from space 9216K, 99% used [0x00000000db380000,0x00000000dbc7cdb0,0x00000000dbc80000)
  to   space 10752K, 0% used [0x00000000de380000,0x00000000de380000,0x00000000dee00000)
 ParOldGen       total 42496K, used 8844K [0x0000000080000000, 0x0000000082980000, 0x00000000d5580000)
  object space 42496K, 20% used [0x0000000080000000,0x00000000808a33b0,0x0000000082980000)
 Metaspace       used 31373K, capacity 32454K, committed 32640K, reserved 1077248K
  class space    used 4329K, capacity 4610K, committed 4736K, reserved 1048576K
}
Event: 10.194 GC heap before
{Heap before GC invocations=11 (full 1):
 PSYoungGen      total 105472K, used 69071K [0x00000000d5580000, 0x00000000dee00000, 0x0000000100000000)
  eden space 96256K, 62% used [0x00000000d5580000,0x00000000d8ff6f28,0x00000000db380000)
  from space 9216K, 99% used [0x00000000db380000,0x00000000dbc7cdb0,0x00000000dbc80000)
  to   space 10752K, 0% used [0x00000000de380000,0x00000000de380000,0x00000000dee00000)
 ParOldGen       total 42496K, used 8844K [0x0000000080000000, 0x0000000082980000, 0x00000000d5580000)
  object space 42496K, 20% used [0x0000000080000000,0x00000000808a33b0,0x0000000082980000)
 Metaspace       used 34104K, capacity 35370K, committed 35496K, reserved 1079296K
  class space    used 4709K, capacity 5006K, committed 5032K, reserved 1048576K
Event: 10.216 GC heap after
Heap after GC invocations=11 (full 1):
 PSYoungGen      total 144384K, used 8971K [0x00000000d5580000, 0x00000000def00000, 0x0000000100000000)
  eden space 133632K, 0% used [0x00000000d5580000,0x00000000d5580000,0x00000000dd800000)
  from space 10752K, 83% used [0x00000000de380000,0x00000000dec42c88,0x00000000dee00000)
  to   space 11776K, 0% used [0x00000000dd800000,0x00000000dd800000,0x00000000de380000)
 ParOldGen       total 42496K, used 8852K [0x0000000080000000, 0x0000000082980000, 0x00000000d5580000)
  object space 42496K, 20% used [0x0000000080000000,0x00000000808a53b0,0x0000000082980000)
 Metaspace       used 34104K, capacity 35370K, committed 35496K, reserved 1079296K
  class space    used 4709K, capacity 5006K, committed 5032K, reserved 1048576K
}
Event: 10.216 GC heap before
{Heap before GC invocations=12 (full 2):
 PSYoungGen      total 144384K, used 8971K [0x00000000d5580000, 0x00000000def00000, 0x0000000100000000)
  eden space 133632K, 0% used [0x00000000d5580000,0x00000000d5580000,0x00000000dd800000)
  from space 10752K, 83% used [0x00000000de380000,0x00000000dec42c88,0x00000000dee00000)
  to   space 11776K, 0% used [0x00000000dd800000,0x00000000dd800000,0x00000000de380000)
 ParOldGen       total 42496K, used 8852K [0x0000000080000000, 0x0000000082980000, 0x00000000d5580000)
  object space 42496K, 20% used [0x0000000080000000,0x00000000808a53b0,0x0000000082980000)
 Metaspace       used 34104K, capacity 35370K, committed 35496K, reserved 1079296K
  class space    used 4709K, capacity 5006K, committed 5032K, reserved 1048576K
Event: 10.295 GC heap after
Heap after GC invocations=12 (full 2):
 PSYoungGen      total 144384K, used 0K [0x00000000d5580000, 0x00000000def00000, 0x0000000100000000)
  eden space 133632K, 0% used [0x00000000d5580000,0x00000000d5580000,0x00000000dd800000)
  from space 10752K, 0% used [0x00000000de380000,0x00000000de380000,0x00000000dee00000)
  to   space 11776K, 0% used [0x00000000dd800000,0x00000000dd800000,0x00000000de380000)
 ParOldGen       total 66048K, used 15815K [0x0000000080000000, 0x0000000084080000, 0x00000000d5580000)
  object space 66048K, 23% used [0x0000000080000000,0x0000000080f71fc8,0x0000000084080000)
 Metaspace       used 34104K, capacity 35370K, committed 35496K, reserved 1079296K
  class space    used 4709K, capacity 5006K, committed 5032K, reserved 1048576K
}
Event: 16.173 GC heap before
{Heap before GC invocations=13 (full 2):
 PSYoungGen      total 144384K, used 133632K [0x00000000d5580000, 0x00000000def00000, 0x0000000100000000)
  eden space 133632K, 100% used [0x00000000d5580000,0x00000000dd800000,0x00000000dd800000)
  from space 10752K, 0% used [0x00000000de380000,0x00000000de380000,0x00000000dee00000)
  to   space 11776K, 0% used [0x00000000dd800000,0x00000000dd800000,0x00000000de380000)
 ParOldGen       total 66048K, used 15815K [0x0000000080000000, 0x0000000084080000, 0x00000000d5580000)
  object space 66048K, 23% used [0x0000000080000000,0x0000000080f71fc8,0x0000000084080000)
 Metaspace       used 38818K, capacity 40662K, committed 41000K, reserved 1085440K
  class space    used 5470K, capacity 5832K, committed 5928K, reserved 1048576K
Event: 16.270 GC heap after
Heap after GC invocations=13 (full 2):
 PSYoungGen      total 145408K, used 9589K [0x00000000d5580000, 0x00000000e1a80000, 0x0000000100000000)
  eden space 133632K, 0% used [0x00000000d5580000,0x00000000d5580000,0x00000000dd800000)
  from space 11776K, 81% used [0x00000000dd800000,0x00000000de15d478,0x00000000de380000)
  to   space 12288K, 0% used [0x00000000e0e80000,0x00000000e0e80000,0x00000000e1a80000)
 ParOldGen       total 66048K, used 15823K [0x0000000080000000, 0x0000000084080000, 0x00000000d5580000)
  object space 66048K, 23% used [0x0000000080000000,0x0000000080f73fc8,0x0000000084080000)
 Metaspace       used 38818K, capacity 40662K, committed 41000K, reserved 1085440K
  class space    used 5470K, capacity 5832K, committed 5928K, reserved 1048576K
}
Event: 26.249 GC heap before
{Heap before GC invocations=14 (full 2):
 PSYoungGen      total 145408K, used 143221K [0x00000000d5580000, 0x00000000e1a80000, 0x0000000100000000)
  eden space 133632K, 100% used [0x00000000d5580000,0x00000000dd800000,0x00000000dd800000)
  from space 11776K, 81% used [0x00000000dd800000,0x00000000de15d478,0x00000000de380000)
  to   space 12288K, 0% used [0x00000000e0e80000,0x00000000e0e80000,0x00000000e1a80000)
 ParOldGen       total 66048K, used 15823K [0x0000000080000000, 0x0000000084080000, 0x00000000d5580000)
  object space 66048K, 23% used [0x0000000080000000,0x0000000080f73fc8,0x0000000084080000)
 Metaspace       used 52202K, capacity 54338K, committed 54440K, reserved 1095680K
  class space    used 7157K, capacity 7585K, committed 7592K, reserved 1048576K
Event: 26.426 GC heap after
Heap after GC invocations=14 (full 2):
 PSYoungGen      total 183808K, used 12265K [0x00000000d5580000, 0x00000000e2580000, 0x0000000100000000)
  eden space 171520K, 0% used [0x00000000d5580000,0x00000000d5580000,0x00000000dfd00000)
  from space 12288K, 99% used [0x00000000e0e80000,0x00000000e1a7a6c0,0x00000000e1a80000)
  to   space 17920K, 0% used [0x00000000dfd00000,0x00000000dfd00000,0x00000000e0e80000)
 ParOldGen       total 66048K, used 26042K [0x0000000080000000, 0x0000000084080000, 0x00000000d5580000)
  object space 66048K, 39% used [0x0000000080000000,0x000000008196e988,0x0000000084080000)
 Metaspace       used 52202K, capacity 54338K, committed 54440K, reserved 1095680K
  class space    used 7157K, capacity 7585K, committed 7592K, reserved 1048576K
}

Deoptimization events (10 events):
Event: 23.095 Thread 0x000000001a9f6800 Uncommon trap: reason=bimorphic action=maybe_recompile pc=0x000000000318f008 method=java.util.regex.Pattern$CharProperty.match(Ljava/util/regex/Matcher;ILjava/lang/CharSequence;)Z @ 18
Event: 23.953 Thread 0x000000001a9f6800 Uncommon trap: reason=unstable_if action=reinterpret pc=0x0000000002806058 method=org.gradle.internal.reflect.PropertyAccessorType.of(Ljava/lang/reflect/Method;)Lorg/gradle/internal/reflect/PropertyAccessorType; @ 56
Event: 24.052 Thread 0x000000001a9f6800 Uncommon trap: reason=unstable_if action=reinterpret pc=0x0000000002c3ff38 method=java.util.concurrent.ConcurrentHashMap.addCount(JI)V @ 110
Event: 24.068 Thread 0x000000001a9f6800 Uncommon trap: reason=unstable_if action=reinterpret pc=0x00000000032f155c method=java.util.concurrent.ConcurrentHashMap.addCount(JI)V @ 110
Event: 24.926 Thread 0x000000001a9f6800 Uncommon trap: reason=class_check action=maybe_recompile pc=0x0000000002d2c130 method=java.io.BufferedInputStream.read1([BII)I @ 39
Event: 24.926 Thread 0x000000001a9f6800 Uncommon trap: reason=class_check action=maybe_recompile pc=0x0000000002bc2998 method=java.io.BufferedInputStream.read1([BII)I @ 39
Event: 25.414 Thread 0x000000001a9f6800 Uncommon trap: reason=unstable_if action=reinterpret pc=0x0000000002f7efb8 method=org.gradle.internal.instantiation.generator.AbstractClassGenerator$InjectionAnnotationValidator.validateMethod(Ljava/lang/reflect/Method;Lorg/gradle/internal/reflect/Property¯Ó†#j9@
Event: 25.414 Thread 0x000000001a9f6800 Uncommon trap: reason=unstable_if action=reinterpret pc=0x0000000002b92fbc method=org.gradle.internal.instantiation.generator.AbstractClassGenerator$InjectionAnnotationValidator.validateMethod(Ljava/lang/reflect/Method;Lorg/gradle/internal/reflect/PropertyP6Â
y:@
Event: 26.473 Thread 0x000000001a9f6800 Uncommon trap: reason=null_check action=make_not_entrant pc=0x000000000349a034 method=java.lang.Class.searchMethods([Ljava/lang/reflect/Method;Ljava/lang/String;[Ljava/lang/Class;)Ljava/lang/reflect/Method; @ 59
Event: 26.473 Thread 0x000000001a9f6800 Uncommon trap: reason=null_check action=make_not_entrant pc=0x0000000002d8611c method=java.lang.Class.searchMethods([Ljava/lang/reflect/Method;Ljava/lang/String;[Ljava/lang/Class;)Ljava/lang/reflect/Method; @ 59

Internal exceptions (10 events):
Event: 26.702 Thread 0x000000001a9f6800 Exception <a 'java/lang/ClassNotFoundException': org/gradle/api/internal/DefaultNamedDomainObjectSetCustomizer> (0x00000000d5ecada8) thrown at [C:\re\workspace\8-2-build-windows-amd64-cygwin\jdk8u66\4988\hotspot\src\share\vm\classfile\systemDictionary.cpp,Ö•\+ø:@
Event: 26.747 Thread 0x000000001a9f6800 Exception <a 'java/lang/ClassNotFoundException': org/gradle/api/internal/AbstractNamedDomainObjectContainerCustomizer> (0x00000000d5f29bc8) thrown at [C:\re\workspace\8-2-build-windows-amd64-cygwin\jdk8u66\4988\hotspot\src\share\vm\classfile\systemDictionaÍ¥nÉ⁄ø:@
Event: 26.749 Thread 0x000000001a9f6800 Exception <a 'java/lang/ClassNotFoundException': org/gradle/api/internal/FactoryNamedDomainObjectContainerCustomizer> (0x00000000d5f86cd8) thrown at [C:\re\workspace\8-2-build-windows-amd64-cygwin\jdk8u66\4988\hotspot\src\share\vm\classfile\systemDictionarà≤\€Ä¿:@
Event: 26.752 Thread 0x000000001a9f6800 Exception <a 'java/lang/ClassNotFoundException': org/gradle/api/internal/FactoryNamedDomainObjectContainer_DecoratedCustomizer> (0x00000000d5fdc640) thrown at [C:\re\workspace\8-2-build-windows-amd64-cygwin\jdk8u66\4988\hotspot\src\share\vm\classfile\syste
Event: 26.812 Thread 0x000000001a9f6800 Exception <a 'java/lang/ClassNotFoundException': com/android/build/gradle/internal/dsl/BuildType_DecoratedBeanInfo> (0x00000000d60d4000) thrown at [C:\re\workspace\8-2-build-windows-amd64-cygwin\jdk8u66\4988\hotspot\src\share\vm\classfile\systemDictionary.ìPüâU–:@
Event: 26.814 Thread 0x000000001a9f6800 Exception <a 'java/lang/ClassNotFoundException': com/android/build/gradle/internal/dsl/BuildTypeBeanInfo> (0x00000000d60ef9c0) thrown at [C:\re\workspace\8-2-build-windows-amd64-cygwin\jdk8u66\4988\hotspot\src\share\vm\classfile\systemDictionary.cpp, line ^Ké–:@
Event: 26.815 Thread 0x000000001a9f6800 Exception <a 'java/lang/ClassNotFoundException': com/android/builder/core/AbstractBuildTypeBeanInfo> (0x00000000d6109800) thrown at [C:\re\workspace\8-2-build-windows-amd64-cygwin\jdk8u66\4988\hotspot\src\share\vm\classfile\systemDictionary.cpp, line 210]
Event: 26.816 Thread 0x000000001a9f6800 Exception <a 'java/lang/ClassNotFoundException': com/android/builder/core/AbstractBuildTypeCustomizer> (0x00000000d6124720) thrown at [C:\re\workspace\8-2-build-windows-amd64-cygwin\jdk8u66\4988\hotspot\src\share\vm\classfile\systemDictionary.cpp, line 210Ô —_CŸ:@
Event: 26.849 Thread 0x000000001a9f6800 Exception <a 'java/lang/ClassNotFoundException': com/android/build/gradle/internal/dsl/BuildTypeCustomizer> (0x00000000d6169da8) thrown at [C:\re\workspace\8-2-build-windows-amd64-cygwin\jdk8u66\4988\hotspot\src\share\vm\classfile\systemDictionary.cpp, linøpù5.‹:@
Event: 26.860 Thread 0x000000001a9f6800 Exception <a 'java/lang/ClassNotFoundException': com/android/build/gradle/internal/dsl/BuildType_DecoratedCustomizer> (0x00000000d6237810) thrown at [C:\re\workspace\8-2-build-windows-amd64-cygwin\jdk8u66\4988\hotspot\src\share\vm\classfile\systemDictionarT‚:∆≥:@

Events (10 events):
Event: 26.816 loading class com/android/builder/core/AbstractBuildTypeCustomizer
Event: 26.816 loading class com/android/builder/core/AbstractBuildTypeCustomizer done
Event: 26.843 loading class com/android/build/gradle/internal/dsl/BuildTypeCustomizer
Event: 26.843 loading class com/android/build/gradle/internal/dsl/BuildTypeCustomizer done
Event: 26.849 loading class com/android/build/gradle/internal/dsl/BuildTypeCustomizer
Event: 26.849 loading class com/android/build/gradle/internal/dsl/BuildTypeCustomizer done
Event: 26.857 loading class com/android/build/gradle/internal/dsl/BuildType_DecoratedCustomizer
Event: 26.857 loading class com/android/build/gradle/internal/dsl/BuildType_DecoratedCustomizer done
Event: 26.860 loading class com/android/build/gradle/internal/dsl/BuildType_DecoratedCustomizer
Event: 26.860 loading class com/android/build/gradle/internal/dsl/BuildType_DecoratedCustomizer done


Dynamic libraries:
0x00007ff70b1d0000 - 0x00007ff70b207000 	C:\Program Files\Java\jdk1.8.0_66\bin\java.exe
0x00007ffd8de60000 - 0x00007ffd8e050000 	C:\Windows\SYSTEM32\ntdll.dll
0x00007ffd8dc40000 - 0x00007ffd8dcf2000 	C:\Windows\System32\KERNEL32.DLL
0x00007ffd8b030000 - 0x00007ffd8b2d3000 	C:\Windows\System32\KERNELBASE.dll
0x00007ffd8d190000 - 0x00007ffd8d233000 	C:\Windows\System32\ADVAPI32.dll
0x00007ffd8d940000 - 0x00007ffd8d9de000 	C:\Windows\System32\msvcrt.dll
0x00007ffd8cec0000 - 0x00007ffd8cf57000 	C:\Windows\System32\sechost.dll
0x00007ffd8db20000 - 0x00007ffd8dc40000 	C:\Windows\System32\RPCRT4.dll
0x00007ffd8c1f0000 - 0x00007ffd8c384000 	C:\Windows\System32\USER32.dll
0x00007ffd8bec0000 - 0x00007ffd8bee1000 	C:\Windows\System32\win32u.dll
0x00007ffd8cba0000 - 0x00007ffd8cbc6000 	C:\Windows\System32\GDI32.dll
0x00007ffd8bcb0000 - 0x00007ffd8be44000 	C:\Windows\System32\gdi32full.dll
0x00007ffd8bb10000 - 0x00007ffd8bbae000 	C:\Windows\System32\msvcp_win.dll
0x00007ffd8bbb0000 - 0x00007ffd8bcaa000 	C:\Windows\System32\ucrtbase.dll
0x00007ffd7a2d0000 - 0x00007ffd7a555000 	C:\Windows\WinSxS\amd64_microsoft.windows.common-controls_6595b64144ccf1df_6.0.18362.592_none_e6c0b1911312be02\COMCTL32.dll
0x00007ffd8c860000 - 0x00007ffd8cb96000 	C:\Windows\System32\combase.dll
0x00007ffd8ba90000 - 0x00007ffd8bb10000 	C:\Windows\System32\bcryptPrimitives.dll
0x00007ffd8c0b0000 - 0x00007ffd8c0de000 	C:\Windows\System32\IMM32.DLL
0x0000000077e10000 - 0x0000000077ee2000 	C:\Program Files\Java\jdk1.8.0_66\jre\bin\msvcr100.dll
0x00000000751a0000 - 0x0000000075a29000 	C:\Program Files\Java\jdk1.8.0_66\jre\bin\server\jvm.dll
0x00007ffd8db10000 - 0x00007ffd8db18000 	C:\Windows\System32\PSAPI.DLL
0x00007ffd86dd0000 - 0x00007ffd86dd9000 	C:\Windows\SYSTEM32\WSOCK32.dll
0x00007ffd8cf60000 - 0x00007ffd8cfcf000 	C:\Windows\System32\WS2_32.dll
0x00007ffd88450000 - 0x00007ffd88474000 	C:\Windows\SYSTEM32\WINMM.dll
0x00007ffd85bf0000 - 0x00007ffd85bfa000 	C:\Windows\SYSTEM32\VERSION.dll
0x00007ffd88240000 - 0x00007ffd8826d000 	C:\Windows\SYSTEM32\WINMMBASE.dll
0x00007ffd8be70000 - 0x00007ffd8beba000 	C:\Windows\System32\cfgmgr32.dll
0x0000000050020000 - 0x000000005002f000 	C:\Program Files\Java\jdk1.8.0_66\jre\bin\verify.dll
0x0000000077de0000 - 0x0000000077e09000 	C:\Program Files\Java\jdk1.8.0_66\jre\bin\java.dll
0x0000000077dc0000 - 0x0000000077dd6000 	C:\Program Files\Java\jdk1.8.0_66\jre\bin\zip.dll
0x00007ffd8d240000 - 0x00007ffd8d925000 	C:\Windows\System32\SHELL32.dll
0x00007ffd8bf60000 - 0x00007ffd8c009000 	C:\Windows\System32\shcore.dll
0x00007ffd8b2e0000 - 0x00007ffd8ba5f000 	C:\Windows\System32\windows.storage.dll
0x00007ffd8adf0000 - 0x00007ffd8ae0f000 	C:\Windows\System32\profapi.dll
0x00007ffd8ad80000 - 0x00007ffd8adca000 	C:\Windows\System32\powrprof.dll
0x00007ffd8ad70000 - 0x00007ffd8ad80000 	C:\Windows\System32\UMPDC.dll
0x00007ffd8dab0000 - 0x00007ffd8db02000 	C:\Windows\System32\shlwapi.dll
0x00007ffd8add0000 - 0x00007ffd8ade1000 	C:\Windows\System32\kernel.appcore.dll
0x00007ffd8be50000 - 0x00007ffd8be67000 	C:\Windows\System32\cryptsp.dll
0x00000000503f0000 - 0x0000000050401000 	C:\Program Files\Common Files\Crypto Pro\AppCompat\cpadvai.dll
0x0000000050410000 - 0x0000000050417000 	C:\Program Files\Common Files\Crypto Pro\AppCompat\detoured.dll
0x0000000077da0000 - 0x0000000077dba000 	C:\Program Files\Java\jdk1.8.0_66\jre\bin\net.dll
0x00007ffd8a160000 - 0x00007ffd8a1c7000 	C:\Windows\system32\mswsock.dll
0x0000000077d80000 - 0x0000000077d91000 	C:\Program Files\Java\jdk1.8.0_66\jre\bin\nio.dll
0x00007ffd868c0000 - 0x00007ffd868e7000 	C:\Users\Admiral Smollet\.gradle\native\f6784746aeab05261644944871eae4fe03e0ef1612fff0a4a95f87b438bc6780\windows-amd64\native-platform.dll
0x0000000050000000 - 0x000000005000d000 	C:\Program Files\Java\jdk1.8.0_66\jre\bin\management.dll
0x00007ffd89cd0000 - 0x00007ffd89d03000 	C:\Windows\system32\rsaenh.dll
0x000000001bbd0000 - 0x000000001bbf6000 	C:\Windows\System32\bcrypt.dll
0x00007ffd8ac90000 - 0x00007ffd8acb5000 	C:\Windows\SYSTEM32\USERENV.dll
0x00007ffd8a7b0000 - 0x00007ffd8a7bc000 	C:\Windows\SYSTEM32\CRYPTBASE.dll
0x00007ffd89e70000 - 0x00007ffd89eaa000 	C:\Windows\SYSTEM32\IPHLPAPI.DLL
0x00007ffd8d930000 - 0x00007ffd8d938000 	C:\Windows\System32\NSI.dll
0x00007ffd82620000 - 0x00007ffd82636000 	C:\Windows\SYSTEM32\dhcpcsvc6.DLL
0x00007ffd83940000 - 0x00007ffd8395c000 	C:\Windows\SYSTEM32\dhcpcsvc.DLL
0x00007ffd89eb0000 - 0x00007ffd89f7a000 	C:\Windows\SYSTEM32\DNSAPI.dll

VM Arguments:
jvm_args: -Xmx2048m -Dfile.encoding=UTF-8 -Duser.country=RU -Duser.language=ru -Duser.variant 
java_command: org.gradle.launcher.daemon.bootstrap.GradleDaemon 6.5
java_class_path (initial): C:\Users\Admiral Smollet\.gradle\wrapper\dists\gradle-6.5-bin\6nifqtx7604sqp1q6g8wikw7p\gradle-6.5\lib\gradle-launcher-6.5.jar
Launcher Type: SUN_STANDARD

Environment Variables:
JAVA_HOME=C:\Program Files\Java\jdk1.8.0_66
PATH=C:\Python39\Scripts\;C:\Python39\;C:\ProgramData\Oracle\Java\javapath;C:\Windows\system32;C:\Windows;C:\Windows\System32\Wbem;C:\Windows\System32\WindowsPowerShell\v1.0\;C:\Program Files (x86)\NVIDIA Corporation\PhysX\Common;C:\Program Files\Intel\WiFi\bin\;C:\Program Files\Common Files\Intel\WirelessCommon\;C:\Program Files\Microsoft SQL Server\Client SDK\ODBC\170\Tools\Binn\;C:\Program Files (x86)\Microsoft SQL Server\150\DTS\Binn\;C:\Program Files (x86)\Microsoft SQL Server\150\Tools\Binn\;C:\Program Files\Microsoft SQL Server\150\Tools\Binn\;C:\Program Files\Microsoft SQL Server\150\DTS\Binn\;C:\Program Files\Microsoft SQL Server\130\Tools\Binn\;C:\Program Files\dotnet\;C:\Program Files\Git\cmd;C:\ProgramData\chocolatey\bin;C:\Users\Admiral Smollet\AppData\Local\Microsoft\WindowsApps;C:\Program Files\Intel\WiFi\bin\;C:\Program Files\Common Files\Intel\WirelessCommon\;C:\Users\Admiral Smollet\AppData\Local\GitHubDesktop\bin;C:\Users\Admiral Smollet\AppData\Local\Programs\Microsoft VS Code\bin;C:\Users\Admiral Smollet\yandex-cloud\bin;
USERNAME=Admiral Smollet
OS=Windows_NT
PROCESSOR_IDENTIFIER=Intel64 Family 6 Model 69 Stepping 1, GenuineIntel



---------------  S Y S T E M  ---------------

OS: Windows 10.0 , 64 bit Build 18362 (10.0.18362.329)

CPU:total 4 (2 cores per cpu, 2 threads per core) family 6 model 69 stepping 1, cmov, cx8, fxsr, mmx, sse, sse2, sse3, ssse3, sse4.1, sse4.2, popcnt, avx, avx2, aes, clmul, erms, lzcnt, ht, tsc, tscinvbit, bmi1, bmi2

Memory: 4k page, physical 6212888k(57636k free), swap 10407192k(5996k free)

vm_info: Java HotSpot(TM) 64-Bit Server VM (25.66-b17) for windows-amd64 JRE (1.8.0_66-b17), built on Oct  6 2015 18:55:33 by "java_re" with MS VC++ 10.0 (VS2010)

time: Wed Dec 16 15:51:49 2020
elapsed time: 26 seconds (0d 0h 0m 26s)

